{
  "stats": {
    "suites": 2,
    "tests": 2,
    "passes": 1,
    "pending": 0,
    "failures": 1,
    "start": "2022-08-10T11:33:52.053Z",
    "end": "2022-08-10T11:33:57.528Z",
    "duration": 5475,
    "testsRegistered": 2,
    "passPercent": 50,
    "pendingPercent": 0,
    "other": 0,
    "hasOther": false,
    "skipped": 0,
    "hasSkipped": false
  },
  "results": [
    {
      "uuid": "ec068422-78ba-4c18-9882-0a05b291165e",
      "title": "",
      "fullFile": "",
      "file": "",
      "beforeHooks": [],
      "afterHooks": [],
      "tests": [],
      "suites": [
        {
          "uuid": "d45a7c66-5499-4da6-92b0-36b335596f1e",
          "title": "add second todo tests",
          "fullFile": "/Users/el-fido/Desktop/seleniumDemo/test/secondTest.js",
          "file": "/test/secondTest.js",
          "beforeHooks": [],
          "afterHooks": [],
          "tests": [
            {
              "title": "Successfully added a second todo to application",
              "fullTitle": "add second todo tests Successfully added a second todo to application",
              "timedOut": null,
              "duration": 4935,
              "state": "failed",
              "speed": null,
              "pass": false,
              "fail": true,
              "pending": false,
              "context": null,
              "code": "//Launch browser\nlet driver = await new Builder().forBrowser(\"firefox\").build();\n//Navigate to application\nawait driver.get(\"https://lambdatest.github.io/sample-todo-app/\");\n\n//Add a todo\nawait driver.findElement(By.id(\"sampletodotext\")).sendKeys(\"First selenium\", Key.RETURN);\n//Assert \nlet todoText = await driver.findElement(By.xpath(\"//li[last()]\")).getText().then(function(value){\n    return value;\n});\n//assert using node assertion\n//assert.strictEqual(todoText, \"First selenium\");\n//assert using chai should\ntodoText.should.equal(\"First selinium\");\n//Exit browser\nawait driver.quit();",
              "err": {
                "message": "AssertionError: expected 'First selenium' to equal 'First selinium'",
                "estack": "AssertionError: expected 'First selenium' to equal 'First selinium'\n    at Context.<anonymous> (test/secondTest.js:28:25)\n    at processTicksAndRejections (node:internal/process/task_queues:96:5)",
                "diff": "- First selenium\n+ First selinium\n"
              },
              "uuid": "c3c5ea6a-dff5-44b1-ba80-c3e6b9d03f0d",
              "parentUUID": null,
              "isHook": false,
              "skipped": false
            }
          ],
          "suites": [],
          "passes": [],
          "failures": [
            "c3c5ea6a-dff5-44b1-ba80-c3e6b9d03f0d"
          ],
          "pending": [],
          "skipped": [],
          "duration": 4935,
          "root": false,
          "rootEmpty": false,
          "_timeout": null
        },
        {
          "uuid": "54c04eac-ed99-45ef-ae96-5077f24ffbf3",
          "title": "add todo tests",
          "fullFile": "/Users/el-fido/Desktop/seleniumDemo/test/firstTest.js",
          "file": "/test/firstTest.js",
          "beforeHooks": [],
          "afterHooks": [],
          "tests": [
            {
              "title": "Successfully added a todo to application",
              "fullTitle": "add todo tests Successfully added a todo to application",
              "timedOut": null,
              "duration": 5322,
              "state": "passed",
              "speed": "slow",
              "pass": true,
              "fail": false,
              "pending": false,
              "context": null,
              "code": "//Launch browser\nlet driver = await new Builder().forBrowser(\"firefox\").build();\n//Navigate to application\nawait driver.get(\"https://lambdatest.github.io/sample-todo-app/\");\n\n//Add a todo\nawait driver.findElement(By.id(\"sampletodotext\")).sendKeys(\"First selenium\", Key.RETURN);\n//Assert \nlet todoText = await driver.findElement(By.xpath(\"//li[last()]\")).getText().then(function(value){\n    return value;\n});\n//assert using node assertion\n//assert.strictEqual(todoText, \"First selenium\");\n//assert using chai should\ntodoText.should.equal(\"First selenium\");\n//Exit browser\nawait driver.quit();",
              "err": {},
              "uuid": "bfa0dec8-8993-4e62-91e1-84f685a61097",
              "parentUUID": null,
              "isHook": false,
              "skipped": false
            }
          ],
          "suites": [],
          "passes": [
            "bfa0dec8-8993-4e62-91e1-84f685a61097"
          ],
          "failures": [],
          "pending": [],
          "skipped": [],
          "duration": 5322,
          "root": false,
          "rootEmpty": false,
          "_timeout": null
        }
      ],
      "passes": [],
      "failures": [],
      "pending": [],
      "skipped": [],
      "duration": 0,
      "root": true,
      "rootEmpty": true,
      "_timeout": 0
    }
  ],
  "meta": {
    "mocha": {
      "version": "10.0.0"
    },
    "mochawesome": {
      "options": {
        "quiet": false,
        "reportFilename": "testResults",
        "saveHtml": true,
        "saveJson": true,
        "consoleReporter": "spec",
        "useInlineDiffs": false,
        "code": true
      },
      "version": "7.1.3"
    },
    "marge": {
      "options": {
        "reportDir": "/Users/el-fido/Desktop/seleniumDemo/testReports",
        "reportFilename": "testResults"
      },
      "version": "6.2.0"
    }
  }
}