{
  "stats": {
    "suites": 2,
    "tests": 2,
    "passes": 1,
    "pending": 0,
    "failures": 1,
    "start": "2022-08-10T11:31:32.810Z",
    "end": "2022-08-10T11:31:39.602Z",
    "duration": 6792,
    "testsRegistered": 2,
    "passPercent": 50,
    "pendingPercent": 0,
    "other": 0,
    "hasOther": false,
    "skipped": 0,
    "hasSkipped": false
  },
  "results": [
    {
      "uuid": "95e38f31-e5ba-4e61-9a60-0170a47cf016",
      "title": "",
      "fullFile": "",
      "file": "",
      "beforeHooks": [],
      "afterHooks": [],
      "tests": [],
      "suites": [
        {
          "uuid": "4a20bddb-20de-452d-a061-04add8ed1a96",
          "title": "add second todo tests",
          "fullFile": "/Users/el-fido/Desktop/seleniumDemo/test/secondTest.js",
          "file": "/test/secondTest.js",
          "beforeHooks": [],
          "afterHooks": [],
          "tests": [
            {
              "title": "Successfully added a second todo to application",
              "fullTitle": "add second todo tests Successfully added a second todo to application",
              "timedOut": null,
              "duration": 6197,
              "state": "failed",
              "speed": null,
              "pass": false,
              "fail": true,
              "pending": false,
              "context": null,
              "code": "//Launch browser\nlet driver = await new Builder().forBrowser(\"firefox\").build();\n//Navigate to application\nawait driver.get(\"https://lambdatest.github.io/sample-todo-app/\");\n\n//Add a todo\nawait driver.findElement(By.id(\"sampletodotext\")).sendKeys(\"First selenium\", Key.RETURN);\n//Assert \nlet todoText = await driver.findElement(By.xpath(\"//li[last()]\")).getText().then(function(value){\n    return value;\n});\n//assert using node assertion\n//assert.strictEqual(todoText, \"First selenium\");\n//assert using chai should\ntodoText.should.equal(\"First selinium\");\n//Exit browser\nawait driver.quit();",
              "err": {
                "message": "AssertionError: expected 'First selenium' to equal 'First selinium'",
                "estack": "AssertionError: expected 'First selenium' to equal 'First selinium'\n    at Context.<anonymous> (test/secondTest.js:28:25)\n    at processTicksAndRejections (node:internal/process/task_queues:96:5)",
                "diff": "- First selenium\n+ First selinium\n"
              },
              "uuid": "0b238940-ac78-4d27-a7ba-74a6fbbef371",
              "parentUUID": null,
              "isHook": false,
              "skipped": false
            }
          ],
          "suites": [],
          "passes": [],
          "failures": [
            "0b238940-ac78-4d27-a7ba-74a6fbbef371"
          ],
          "pending": [],
          "skipped": [],
          "duration": 6197,
          "root": false,
          "rootEmpty": false,
          "_timeout": null
        },
        {
          "uuid": "d39bdb74-f708-43d6-a806-e946b1abd1cd",
          "title": "add todo tests",
          "fullFile": "/Users/el-fido/Desktop/seleniumDemo/test/firstTest.js",
          "file": "/test/firstTest.js",
          "beforeHooks": [],
          "afterHooks": [],
          "tests": [
            {
              "title": "Successfully added a todo to application",
              "fullTitle": "add todo tests Successfully added a todo to application",
              "timedOut": null,
              "duration": 6631,
              "state": "passed",
              "speed": "slow",
              "pass": true,
              "fail": false,
              "pending": false,
              "context": null,
              "code": "//Launch browser\nlet driver = await new Builder().forBrowser(\"firefox\").build();\n//Navigate to application\nawait driver.get(\"https://lambdatest.github.io/sample-todo-app/\");\n\n//Add a todo\nawait driver.findElement(By.id(\"sampletodotext\")).sendKeys(\"First selenium\", Key.RETURN);\n//Assert \nlet todoText = await driver.findElement(By.xpath(\"//li[last()]\")).getText().then(function(value){\n    return value;\n});\n//assert using node assertion\n//assert.strictEqual(todoText, \"First selenium\");\n//assert using chai should\ntodoText.should.equal(\"First selenium\");\n//Exit browser\nawait driver.quit();",
              "err": {},
              "uuid": "da9c8a2d-7775-4f93-978d-b2bdf033ff07",
              "parentUUID": null,
              "isHook": false,
              "skipped": false
            }
          ],
          "suites": [],
          "passes": [
            "da9c8a2d-7775-4f93-978d-b2bdf033ff07"
          ],
          "failures": [],
          "pending": [],
          "skipped": [],
          "duration": 6631,
          "root": false,
          "rootEmpty": false,
          "_timeout": null
        }
      ],
      "passes": [],
      "failures": [],
      "pending": [],
      "skipped": [],
      "duration": 0,
      "root": true,
      "rootEmpty": true,
      "_timeout": 0
    }
  ],
  "meta": {
    "mocha": {
      "version": "10.0.0"
    },
    "mochawesome": {
      "options": {
        "quiet": false,
        "reportFilename": "mochawesome",
        "saveHtml": true,
        "saveJson": true,
        "consoleReporter": "spec",
        "useInlineDiffs": false,
        "code": true
      },
      "version": "7.1.3"
    },
    "marge": {
      "options": null,
      "version": "6.2.0"
    }
  }
}